<?xml version="1.0" encoding="UTF-8"?>
<!-- Generated by org.testng.reporters.JUnitReportReporter -->
<testsuite skipped="0" hostname="KDUGGIRA-LAP" name="TestNGPractice.TestNGAnnotations" tests="4" failures="0" timestamp="26 Nov 2020 13:40:47 GMT" time="0.019" errors="0">
  <testcase name="runTest4" time="0.003" classname="TestNGPractice.TestNGAnnotations"/>
  <testcase name="runTest3" time="0.004" classname="TestNGPractice.TestNGAnnotations"/>
  <testcase name="runTest2" time="0.005" classname="TestNGPractice.TestNGAnnotations"/>
  <testcase name="runTest1" time="0.007" classname="TestNGPractice.TestNGAnnotations"/>
</testsuite> <!-- TestNGPractice.TestNGAnnotations -->
