<?xml version="1.0" encoding="UTF-8"?>
<!-- Generated by org.testng.reporters.JUnitReportReporter -->
<testsuite skipped="0" hostname="KDUGGIRA-LAP" name="Package1.P1Class1" tests="2" failures="0" timestamp="26 Nov 2020 15:53:41 GMT" time="0.023" errors="0">
  <testcase name="test1" time="0.016" classname="Package1.P1Class1"/>
  <testcase name="test2" time="0.007" classname="Package1.P1Class1"/>
</testsuite> <!-- Package1.P1Class1 -->
