<?xml version="1.0" encoding="UTF-8"?>
<!-- Generated by org.testng.reporters.JUnitReportReporter -->
<testsuite skipped="0" hostname="KDUGGIRA-LAP" name="TestNGPractice.AnnotationTest3" tests="1" failures="0" timestamp="26 Nov 2020 10:57:14 GMT" time="0.007" errors="0">
  <testcase name="test6" time="0.007" classname="TestNGPractice.AnnotationTest3"/>
</testsuite> <!-- TestNGPractice.AnnotationTest3 -->
