<?xml version="1.0" encoding="UTF-8"?>
<!-- Generated by org.testng.reporters.JUnitReportReporter -->
<testsuite skipped="2" hostname="KDUGGIRA-LAP" name="TestNGPractice.PriorityEnabledDescription" tests="5" failures="0" timestamp="26 Nov 2020 11:02:35 GMT" time="0.016" errors="0">
  <testcase name="runTest5" time="0.007" classname="TestNGPractice.PriorityEnabledDescription"/>
  <testcase name="runTest3" time="0.003" classname="TestNGPractice.PriorityEnabledDescription"/>
  <testcase name="runTest4" time="0.002" classname="TestNGPractice.PriorityEnabledDescription"/>
  <testcase name="runTest2" time="0.004" classname="TestNGPractice.PriorityEnabledDescription">
    <skipped/>
  </testcase> <!-- runTest2 -->
  <testcase name="runTest1" classname="TestNGPractice.PriorityEnabledDescription">
    <skipped/>
  </testcase> <!-- runTest1 -->
</testsuite> <!-- TestNGPractice.PriorityEnabledDescription -->
