<?xml version="1.0" encoding="UTF-8"?>
<!-- Generated by org.testng.reporters.JUnitReportReporter -->
<testsuite skipped="0" hostname="KDUGGIRA-LAP" name="DependsOn.DependsOnMethodsParentClass" tests="2" failures="0" timestamp="26 Nov 2020 13:57:14 GMT" time="0.015" errors="0">
  <testcase name="parentTest2" time="0.002" classname="DependsOn.DependsOnMethodsParentClass"/>
  <testcase name="parentTest1" time="0.013" classname="DependsOn.DependsOnMethodsParentClass"/>
</testsuite> <!-- DependsOn.DependsOnMethodsParentClass -->
