<?xml version="1.0" encoding="UTF-8"?>
<!-- Generated by org.testng.reporters.JUnitReportReporter -->
<testsuite skipped="0" hostname="KDUGGIRA-LAP" name="Parameterization.Parameterization" tests="6" failures="0" timestamp="26 Nov 2020 14:22:06 GMT" time="0.065" errors="0">
  <testcase name="optionalParameters" time="0.014" classname="Parameterization.Parameterization"/>
  <testcase name="optionalParameters" time="0.014" classname="Parameterization.Parameterization"/>
  <testcase name="printData" time="0.007" classname="Parameterization.Parameterization"/>
  <testcase name="optionalParameters" time="0.014" classname="Parameterization.Parameterization"/>
  <testcase name="printData" time="0.006" classname="Parameterization.Parameterization"/>
  <testcase name="printData" time="0.010" classname="Parameterization.Parameterization"/>
</testsuite> <!-- Parameterization.Parameterization -->
