<?xml version="1.0" encoding="UTF-8"?>
<!-- Generated by org.testng.reporters.JUnitReportReporter -->
<testsuite skipped="0" hostname="KDUGGIRA-LAP" name="TestNGPractice.AnnotationTest2" tests="3" failures="0" timestamp="26 Nov 2020 10:56:49 GMT" time="0.019" errors="0">
  <testcase name="test3" time="0.010" classname="TestNGPractice.AnnotationTest2"/>
  <testcase name="test4" time="0.006" classname="TestNGPractice.AnnotationTest2"/>
  <testcase name="test5" time="0.003" classname="TestNGPractice.AnnotationTest2"/>
</testsuite> <!-- TestNGPractice.AnnotationTest2 -->
