<?xml version="1.0" encoding="UTF-8"?>
<!-- Generated by org.testng.reporters.JUnitReportReporter -->
<testsuite skipped="0" hostname="KDUGGIRA-LAP" name="TestNGPractice.AnnotationTest1" tests="2" failures="0" timestamp="26 Nov 2020 10:51:18 GMT" time="0.008" errors="0">
  <testcase name="test1" time="0.006" classname="TestNGPractice.AnnotationTest1"/>
  <testcase name="test2" time="0.002" classname="TestNGPractice.AnnotationTest1"/>
</testsuite> <!-- TestNGPractice.AnnotationTest1 -->
