<?xml version="1.0" encoding="UTF-8"?>
<!-- Generated by org.testng.reporters.JUnitReportReporter -->
<testsuite skipped="0" hostname="KDUGGIRA-LAP" name="Parameterization.DataProviderInOtherClass" tests="3" failures="0" timestamp="26 Nov 2020 14:27:25 GMT" time="0.051" errors="0">
  <testcase name="printData" time="0.017" classname="Parameterization.DataProviderInOtherClass"/>
  <testcase name="printData" time="0.017" classname="Parameterization.DataProviderInOtherClass"/>
  <testcase name="printData" time="0.017" classname="Parameterization.DataProviderInOtherClass"/>
</testsuite> <!-- Parameterization.DataProviderInOtherClass -->
