<?xml version="1.0" encoding="UTF-8"?>
<!-- Generated by org.testng.reporters.JUnitReportReporter -->
<testsuite skipped="0" hostname="KDUGGIRA-LAP" name="TestNGPractice.TestAnnotationClassLevel" tests="3" failures="0" timestamp="26 Nov 2020 13:40:15 GMT" time="0.018" errors="0">
  <testcase name="test3" time="0.002" classname="TestNGPractice.TestAnnotationClassLevel"/>
  <testcase name="test1" time="0.013" classname="TestNGPractice.TestAnnotationClassLevel"/>
  <testcase name="test2" time="0.003" classname="TestNGPractice.TestAnnotationClassLevel"/>
</testsuite> <!-- TestNGPractice.TestAnnotationClassLevel -->
