<?xml version="1.0" encoding="UTF-8"?>
<!-- Generated by org.testng.reporters.JUnitReportReporter -->
<testsuite skipped="0" hostname="KDUGGIRA-LAP" name="DependsOn.DependsOnGroupsOtherClass" tests="1" failures="0" timestamp="26 Nov 2020 14:02:13 GMT" time="0.002" errors="0">
  <testcase name="xyz" time="0.002" classname="DependsOn.DependsOnGroupsOtherClass"/>
</testsuite> <!-- DependsOn.DependsOnGroupsOtherClass -->
