<?xml version="1.0" encoding="UTF-8"?>
<!-- Generated by org.testng.reporters.JUnitReportReporter -->
<testsuite skipped="0" hostname="KDUGGIRA-LAP" name="Parameterization.DataProviderTest" tests="3" failures="0" timestamp="26 Nov 2020 14:26:01 GMT" time="0.036" errors="0">
  <testcase name="printData" time="0.012" classname="Parameterization.DataProviderTest"/>
  <testcase name="printData" time="0.012" classname="Parameterization.DataProviderTest"/>
  <testcase name="printData" time="0.012" classname="Parameterization.DataProviderTest"/>
</testsuite> <!-- Parameterization.DataProviderTest -->
